Arguments: 
  C:\Program Files\nodejs\node.exe C:\Users\azhan\AppData\Roaming\npm\node_modules\yarn\bin\yarn.js add process browserify-zlib stream-browserify util buffer assert @craco/craco

PATH: 
  C:\Program Files\Python38\Scripts\;C:\Program Files\Python38\;C:\WINDOWS\system32;C:\WINDOWS;C:\WINDOWS\System32\Wbem;C:\WINDOWS\System32\WindowsPowerShell\v1.0\;C:\WINDOWS\System32\OpenSSH\;C:\Program Files\Git\cmd;C:\xampp\php;C:\ProgramData\ComposerSetup\bin;C:\Program Files\nodejs\;C:\Users\azhan\AppData\Local\Microsoft\WindowsApps;C:\Users\azhan\AppData\Local\Programs\Microsoft VS Code\bin;C:\Users\azhan\AppData\Roaming\Composer\vendor\bin;C:\Users\azhan\AppData\Local\GitHubDesktop\bin;C:\Users\azhan\AppData\Roaming\npm

Yarn version: 
  1.22.17

Node version: 
  16.14.2

Platform: 
  win32 x64

Trace: 
  Error: https://registry.yarnpkg.com/mathjs/-/mathjs-10.6.1.tgz: ESOCKETTIMEDOUT
      at ClientRequest.<anonymous> (C:\Users\azhan\AppData\Roaming\npm\node_modules\yarn\lib\cli.js:141510:19)
      at Object.onceWrapper (node:events:645:28)
      at ClientRequest.emit (node:events:526:28)
      at TLSSocket.emitRequestTimeout (node:_http_client:758:9)
      at Object.onceWrapper (node:events:645:28)
      at TLSSocket.emit (node:events:538:35)
      at TLSSocket.Socket._onTimeout (node:net:501:8)
      at listOnTimeout (node:internal/timers:559:17)
      at processTimers (node:internal/timers:502:7)

npm manifest: 
  {
    "name": "frontend",
    "version": "0.1.0",
    "private": true,
    "dependencies": {
      "@react-pdf/renderer": "^2.1.2",
      "@testing-library/jest-dom": "^5.16.2",
      "@testing-library/react": "^12.1.3",
      "@testing-library/user-event": "^13.5.0",
      "ahp": "^2.3.1",
      "ahp-lite": "^1.2.1",
      "axios": "^0.26.0",
      "bootstrap": "^5.1.3",
      "buffer": "^6.0.3",
      "jspdf": "^2.5.1",
      "linear-algebra": "^3.1.4",
      "mathjs": "^10.4.0",
      "moment": "^2.29.1",
      "numericjs": "^1.2.6",
      "react": "^17.0.2",
      "react-bootstrap": "^2.2.0",
      "react-datepicker": "^4.7.0",
      "react-dom": "^17.0.2",
      "react-moment": "^1.1.1",
      "react-pdf": "^5.7.2",
      "react-router-dom": "^5.2.0",
      "react-scripts": "5.0.0",
      "react-utils": "^1.0.0",
      "react-whatsapp": "^0.2.1",
      "stream": "^0.0.2",
      "sweetalert": "^2.1.2",
      "util": "^0.12.4",
      "web-vitals": "^2.1.4",
      "zlib": "^1.0.5"
    },
    "scripts": {
      "start": "react-scripts start",
      "build": "react-scripts build",
      "test": "react-scripts test",
      "eject": "react-scripts eject"
    },
    "eslintConfig": {
      "extends": [
        "react-app",
        "react-app/jest"
      ]
    },
    "browserslist": {
      "production": [
        ">0.2%",
        "not dead",
        "not op_mini all"
      ],
      "development": [
        "last 1 chrome version",
        "last 1 firefox version",
        "last 1 safari version"
      ]
    }
  }

yarn manifest: 
  No manifest

Lockfile: 
  No lockfile
